[22:51:12] [ServerMain/INFO]: Environment: authHost='https://authserver.mojang.com', accountsHost='https://api.mojang.com', sessionHost='https://sessionserver.mojang.com', servicesHost='https://api.minecraftservices.com', name='PROD'
[22:51:13] [ServerMain/INFO]: Loaded 7 recipes
[22:51:13] [Server thread/INFO]: Starting minecraft server version 1.20.1
[22:51:13] [Server thread/INFO]: Loading properties
[22:51:13] [Server thread/INFO]: Default game type: ADVENTURE
[22:51:13] [Server thread/INFO]: Generating keypair
[22:51:13] [Server thread/INFO]: Starting Minecraft server on *:25565
[22:51:14] [Server thread/INFO]: Using default channel type
[22:51:14] [Server thread/INFO]: This server is running CraftBukkit version 3815-Bukkit-9f64f0d (MC: 1.20.1) (Implementing API version 1.20.1-R0.1-SNAPSHOT)
[22:51:14] [Server thread/INFO]: [WorldEdit] Loading WorldEdit v7.2.15+6463-5ca4dff
[22:51:15] [Server thread/INFO]: Got request to register class com.sk89q.worldedit.bukkit.BukkitServerInterface with WorldEdit [com.sk89q.worldedit.extension.platform.PlatformManager@131b4c5f]
[22:51:15] [Server thread/INFO]: [Shopkeepers] Loading Shopkeepers v2.17.1
[22:51:15] [Server thread/INFO]: [Shopkeepers] Loaded all plugin classes (279 ms).
[22:51:15] [Server thread/INFO]: [Shopkeepers] Loading config.
[22:51:15] [Server thread/INFO]: [Shopkeepers] Loading language file: language-en-default.yml
[22:51:15] [Server thread/INFO]: [Shopkeepers] Registering defaults.
[22:51:15] [Server thread/INFO]: [GhostBlock] Loading GhostBlock v1.0-SNAPSHOT
[22:51:15] [Server thread/INFO]: [WorldEdit] Enabling WorldEdit v7.2.15+6463-5ca4dff
[22:51:15] [Server thread/INFO]: Registering commands with com.sk89q.worldedit.bukkit.BukkitServerInterface
[22:51:15] [Server thread/INFO]: WEPIF: Using the Bukkit Permissions API.
[22:51:15] [Server thread/INFO]: Using com.sk89q.worldedit.bukkit.adapter.impl.v1_20_R1.PaperweightAdapter as the Bukkit adapter
[22:51:16] [Server thread/INFO]: [WorldEdit] ====================================================
[22:51:16] [Server thread/INFO]: [WorldEdit]  WorldEdit works better if you use Paper 
[22:51:16] [Server thread/INFO]: [WorldEdit]  as your server software. 
[22:51:16] [Server thread/INFO]: [WorldEdit]   
[22:51:16] [Server thread/INFO]: [WorldEdit]  Paper offers significant performance improvements,
[22:51:16] [Server thread/INFO]: [WorldEdit]  bug fixes, security enhancements and optional
[22:51:16] [Server thread/INFO]: [WorldEdit]  features for server owners to enhance their server.
[22:51:16] [Server thread/INFO]: [WorldEdit]   
[22:51:16] [Server thread/INFO]: [WorldEdit]  Paper includes Timings v2, which is significantly
[22:51:16] [Server thread/INFO]: [WorldEdit]  better at diagnosing lag problems over v1.
[22:51:16] [Server thread/INFO]: [WorldEdit]   
[22:51:16] [Server thread/INFO]: [WorldEdit]  All of your plugins should still work, and the
[22:51:16] [Server thread/INFO]: [WorldEdit]  Paper community will gladly help you fix any issues.
[22:51:16] [Server thread/INFO]: [WorldEdit]   
[22:51:16] [Server thread/INFO]: [WorldEdit]  Join the Paper Community @ https://papermc.io
[22:51:16] [Server thread/INFO]: [WorldEdit] ====================================================
[22:51:16] [Server thread/INFO]: Preparing level "world"
[22:51:17] [Server thread/INFO]: Preparing start region for dimension minecraft:overworld
[22:51:18] [Worker-Main-11/INFO]: Preparing spawn area: 0%
[22:51:18] [Worker-Main-15/INFO]: Preparing spawn area: 0%
[22:51:18] [Worker-Main-15/INFO]: Preparing spawn area: 0%
[22:51:18] [Worker-Main-11/INFO]: Preparing spawn area: 0%
[22:51:19] [Worker-Main-5/INFO]: Preparing spawn area: 31%
[22:51:19] [Server thread/INFO]: Time elapsed: 2439 ms
[22:51:19] [Server thread/INFO]: Preparing start region for dimension minecraft:the_nether
[22:51:20] [Worker-Main-15/INFO]: Preparing spawn area: 0%
[22:51:20] [Worker-Main-11/INFO]: Preparing spawn area: 0%
[22:51:20] [Worker-Main-10/INFO]: Preparing spawn area: 0%
[22:51:21] [Worker-Main-15/INFO]: Preparing spawn area: 44%
[22:51:21] [Worker-Main-14/INFO]: Preparing spawn area: 68%
[22:51:22] [Worker-Main-2/INFO]: Preparing spawn area: 74%
[22:51:22] [Worker-Main-7/INFO]: Preparing spawn area: 83%
[22:51:23] [Worker-Main-11/INFO]: Preparing spawn area: 83%
[22:51:23] [Worker-Main-9/INFO]: Preparing spawn area: 85%
[22:51:24] [Worker-Main-6/INFO]: Preparing spawn area: 91%
[22:51:24] [Worker-Main-15/INFO]: Preparing spawn area: 97%
[22:51:24] [Server thread/INFO]: Time elapsed: 5081 ms
[22:51:24] [Server thread/INFO]: Preparing start region for dimension minecraft:the_end
[22:51:26] [Worker-Main-1/INFO]: Preparing spawn area: 0%
[22:51:26] [Worker-Main-1/INFO]: Preparing spawn area: 0%
[22:51:26] [Worker-Main-4/INFO]: Preparing spawn area: 0%
[22:51:26] [Worker-Main-11/INFO]: Preparing spawn area: 0%
[22:51:26] [Worker-Main-2/INFO]: Preparing spawn area: 59%
[22:51:26] [Server thread/INFO]: Time elapsed: 2138 ms
[22:51:26] [Server thread/INFO]: [Shopkeepers] Enabling Shopkeepers v2.17.1
[22:51:26] [Server thread/INFO]: [Shopkeepers] No Spigot-based server found: Disabling Spigot exclusive features!
[22:51:26] [Server thread/INFO]: [GhostBlock] Enabling GhostBlock v1.0-SNAPSHOT
[22:51:26] [Server thread/INFO]: [GhostBlock] §aGhostBlock plugin started
[22:51:26] [Server thread/INFO]: Server permissions file permissions.yml is empty, ignoring it
[22:51:27] [Server thread/INFO]: Done (10.307s)! For help, type "help"
[22:51:29] [Server thread/INFO]: com.mojang.authlib.GameProfile@4edc7490[id=<null>,name=OCELL248,properties={},legacy=false] (/192.168.1.12:22911) lost connection: Disconnected
[22:51:35] [Server thread/INFO]: com.mojang.authlib.GameProfile@69ff443[id=<null>,name=OCELL248,properties={},legacy=false] (/192.168.1.12:23954) lost connection: Disconnected
[22:51:48] [User Authenticator #1/INFO]: UUID of player OCELL248 is c5135076-1b39-4427-b083-576a646562f8
[22:51:48] [Server thread/INFO]: OCELL248 joined the game
[22:51:48] [Server thread/INFO]: OCELL248[/192.168.1.12:24517] logged in with entity id 196 at ([world_the_end]254.388504340687, 64.0, -1042.0891431613663)
[22:53:31] [Server thread/INFO]: [@: Teleported OCELL248 to 255.500000, 67.000000, -1041.500000]
[22:53:32] [Server thread/INFO]: [@: Summoned new Zombie Villager]
[22:53:32] [Server thread/INFO]: [@: Added tag 'trigger' to IABoss]
[22:55:14] [Server thread/INFO]: [@: Teleported OCELL248 to 255.500000, 67.000000, -1041.500000]
[22:55:15] [Server thread/INFO]: [@: Summoned new Zombie Villager]
[22:55:15] [Server thread/INFO]: [@: Added tag 'trigger' to 2 entities]
[22:57:14] [Server thread/INFO]: OCELL248 issued server command: /scoreboard objectives add rotten_flesh
[22:57:47] [Server thread/INFO]: OCELL248 issued server command: /scoreboard objectives add carn minecraft.picked_up:minecraft.rotten_flesh
[22:57:47] [Server thread/INFO]: [OCELL248: Created new objective [carn]]
[22:58:42] [Server thread/INFO]: [@: Set [carn] for OCELL248 to 1]
[22:58:42] [Server thread/INFO]: [@: Set [carn] for OCELL248 to 1]
[22:58:42] [Server thread/INFO]: [@: Set [carn] for OCELL248 to 1]
[22:58:42] [Server thread/INFO]: [@: Set [carn] for OCELL248 to 1]
[22:58:42] [Server thread/INFO]: [@: Set [carn] for OCELL248 to 1]
[22:58:42] [Server thread/INFO]: [@: Set [carn] for OCELL248 to 1]
[22:58:42] [Server thread/INFO]: [@: Set [carn] for OCELL248 to 1]
[22:58:42] [Server thread/INFO]: [@: Set [carn] for OCELL248 to 1]
[22:58:42] [Server thread/INFO]: [@: Set [carn] for OCELL248 to 1]
[22:58:43] [Server thread/INFO]: [@: Set [carn] for OCELL248 to 1]
[22:58:43] [Server thread/INFO]: [@: Set [carn] for OCELL248 to 1]
[22:58:43] [Server thread/INFO]: [@: Set [carn] for OCELL248 to 1]
[22:58:43] [Server thread/INFO]: [@: Set [carn] for OCELL248 to 1]
[22:58:43] [Server thread/INFO]: [@: Set [carn] for OCELL248 to 1]
[22:58:43] [Server thread/INFO]: [@: Set [carn] for OCELL248 to 1]
[22:58:43] [Server thread/INFO]: [@: Set [carn] for OCELL248 to 1]
[22:58:43] [Server thread/INFO]: [@: Set [carn] for OCELL248 to 1]
[22:58:43] [Server thread/INFO]: [@: Set [carn] for OCELL248 to 1]
[22:58:43] [Server thread/INFO]: [@: Set [carn] for OCELL248 to 1]
[22:58:43] [Server thread/INFO]: [@: Set [carn] for OCELL248 to 1]
[22:58:43] [Server thread/INFO]: [@: Set [carn] for OCELL248 to 1]
[22:58:43] [Server thread/INFO]: [@: Set [carn] for OCELL248 to 1]
[22:58:43] [Server thread/INFO]: [@: Set [carn] for OCELL248 to 1]
[22:58:43] [Server thread/INFO]: [@: Set [carn] for OCELL248 to 1]
[22:58:43] [Server thread/INFO]: [@: Set [carn] for OCELL248 to 1]
[22:58:43] [Server thread/INFO]: [@: Set [carn] for OCELL248 to 1]
[22:58:43] [Server thread/INFO]: [@: Set [carn] for OCELL248 to 1]
[22:58:43] [Server thread/INFO]: [@: Set [carn] for OCELL248 to 1]
[22:58:43] [Server thread/INFO]: [@: Set [carn] for OCELL248 to 1]
[22:58:44] [Server thread/INFO]: [@: Set [carn] for OCELL248 to 1]
[22:58:44] [Server thread/INFO]: [@: Set [carn] for OCELL248 to 1]
[22:58:44] [Server thread/INFO]: [@: Set [carn] for OCELL248 to 1]
[22:58:44] [Server thread/INFO]: [@: Set [carn] for OCELL248 to 1]
[22:58:44] [Server thread/INFO]: [@: Set [carn] for OCELL248 to 1]
[22:58:44] [Server thread/INFO]: [@: Set [carn] for OCELL248 to 1]
[22:58:44] [Server thread/INFO]: [@: Set [carn] for OCELL248 to 1]
[22:58:44] [Server thread/INFO]: [@: Set [carn] for OCELL248 to 1]
[22:58:44] [Server thread/INFO]: [@: Set [carn] for OCELL248 to 1]
[22:58:44] [Server thread/INFO]: [@: Set [carn] for OCELL248 to 1]
[22:58:44] [Server thread/INFO]: [@: Set [carn] for OCELL248 to 1]
[22:58:44] [Server thread/INFO]: [@: Set [carn] for OCELL248 to 1]
[22:58:44] [Server thread/INFO]: [@: Set [carn] for OCELL248 to 1]
[22:58:44] [Server thread/INFO]: [@: Set [carn] for OCELL248 to 1]
[22:58:44] [Server thread/INFO]: [@: Set [carn] for OCELL248 to 1]
[22:58:44] [Server thread/INFO]: [@: Set [carn] for OCELL248 to 1]
[22:58:44] [Server thread/INFO]: [@: Set [carn] for OCELL248 to 1]
[22:58:44] [Server thread/INFO]: [@: Set [carn] for OCELL248 to 1]
[22:58:44] [Server thread/INFO]: [@: Set [carn] for OCELL248 to 1]
[22:58:44] [Server thread/INFO]: [@: Set [carn] for OCELL248 to 1]
[22:58:45] [Server thread/INFO]: [@: Set [carn] for OCELL248 to 1]
[22:58:45] [Server thread/INFO]: [@: Set [carn] for OCELL248 to 1]
[22:58:45] [Server thread/INFO]: [@: Set [carn] for OCELL248 to 1]
[22:58:45] [Server thread/INFO]: [@: Set [carn] for OCELL248 to 1]
[22:58:45] [Server thread/INFO]: [@: Set [carn] for OCELL248 to 1]
[22:58:45] [Server thread/INFO]: [@: Set [carn] for OCELL248 to 1]
[22:58:45] [Server thread/INFO]: [@: Set [carn] for OCELL248 to 1]
[22:58:45] [Server thread/INFO]: [@: Set [carn] for OCELL248 to 1]
[22:58:45] [Server thread/INFO]: [@: Set [carn] for OCELL248 to 1]
[22:58:45] [Server thread/INFO]: [@: Set [carn] for OCELL248 to 1]
[22:58:45] [Server thread/INFO]: [@: Set [carn] for OCELL248 to 1]
[22:58:45] [Server thread/INFO]: [@: Set [carn] for OCELL248 to 1]
[22:58:45] [Server thread/INFO]: [@: Set [carn] for OCELL248 to 1]
[22:58:45] [Server thread/INFO]: [@: Set [carn] for OCELL248 to 1]
[22:58:45] [Server thread/INFO]: [@: Set [carn] for OCELL248 to 1]
[22:58:45] [Server thread/INFO]: [@: Set [carn] for OCELL248 to 1]
[22:58:45] [Server thread/INFO]: [@: Set [carn] for OCELL248 to 1]
[22:58:45] [Server thread/INFO]: [@: Set [carn] for OCELL248 to 1]
[22:58:45] [Server thread/INFO]: [@: Set [carn] for OCELL248 to 1]
[22:58:45] [Server thread/INFO]: [@: Set [carn] for OCELL248 to 1]
[22:58:46] [Server thread/INFO]: [@: Set [carn] for OCELL248 to 1]
[22:58:46] [Server thread/INFO]: [@: Set [carn] for OCELL248 to 1]
[22:58:46] [Server thread/INFO]: [@: Set [carn] for OCELL248 to 1]
[22:58:46] [Server thread/INFO]: [@: Set [carn] for OCELL248 to 1]
[22:58:46] [Server thread/INFO]: [@: Set [carn] for OCELL248 to 1]
[22:58:46] [Server thread/INFO]: [@: Set [carn] for OCELL248 to 1]
[22:58:46] [Server thread/INFO]: [@: Set [carn] for OCELL248 to 1]
[22:58:46] [Server thread/INFO]: [@: Set [carn] for OCELL248 to 1]
[22:58:46] [Server thread/INFO]: [@: Set [carn] for OCELL248 to 1]
[22:58:46] [Server thread/INFO]: [@: Set [carn] for OCELL248 to 1]
[22:58:46] [Server thread/INFO]: [@: Set [carn] for OCELL248 to 1]
[22:58:46] [Server thread/INFO]: [@: Set [carn] for OCELL248 to 1]
[22:58:46] [Server thread/INFO]: [@: Set [carn] for OCELL248 to 1]
[22:58:46] [Server thread/INFO]: [@: Set [carn] for OCELL248 to 1]
[22:58:46] [Server thread/INFO]: [@: Set [carn] for OCELL248 to 1]
[22:58:46] [Server thread/INFO]: [@: Set [carn] for OCELL248 to 1]
[22:58:46] [Server thread/INFO]: [@: Set [carn] for OCELL248 to 1]
[22:58:46] [Server thread/INFO]: [@: Set [carn] for OCELL248 to 1]
[22:58:46] [Server thread/INFO]: [@: Set [carn] for OCELL248 to 1]
[22:58:46] [Server thread/INFO]: [@: Set [carn] for OCELL248 to 1]
[22:58:47] [Server thread/INFO]: [@: Set [carn] for OCELL248 to 1]
[22:58:47] [Server thread/INFO]: [@: Set [carn] for OCELL248 to 1]
[22:58:47] [Server thread/INFO]: [@: Set [carn] for OCELL248 to 1]
[22:58:47] [Server thread/INFO]: [@: Set [carn] for OCELL248 to 1]
[22:58:47] [Server thread/INFO]: [@: Set [carn] for OCELL248 to 1]
[22:58:47] [Server thread/INFO]: [@: Set [carn] for OCELL248 to 1]
[22:58:47] [Server thread/INFO]: [@: Set [carn] for OCELL248 to 1]
[22:58:47] [Server thread/INFO]: [@: Set [carn] for OCELL248 to 1]
[22:58:47] [Server thread/INFO]: [@: Set [carn] for OCELL248 to 1]
[22:58:47] [Server thread/INFO]: [@: Set [carn] for OCELL248 to 1]
[22:58:47] [Server thread/INFO]: [@: Set [carn] for OCELL248 to 1]
[22:58:47] [Server thread/INFO]: [@: Set [carn] for OCELL248 to 1]
[22:58:47] [Server thread/INFO]: [@: Set [carn] for OCELL248 to 1]
[22:58:47] [Server thread/INFO]: [@: Set [carn] for OCELL248 to 1]
[22:58:47] [Server thread/INFO]: [@: Set [carn] for OCELL248 to 1]
[22:58:47] [Server thread/INFO]: [@: Set [carn] for OCELL248 to 1]
[22:58:47] [Server thread/INFO]: [@: Set [carn] for OCELL248 to 1]
[22:58:47] [Server thread/INFO]: [@: Set [carn] for OCELL248 to 1]
[22:58:47] [Server thread/INFO]: [@: Set [carn] for OCELL248 to 1]
[22:58:47] [Server thread/INFO]: [@: Set [carn] for OCELL248 to 1]
[22:58:48] [Server thread/INFO]: [@: Set [carn] for OCELL248 to 1]
[22:58:48] [Server thread/INFO]: [@: Set [carn] for OCELL248 to 1]
[22:58:48] [Server thread/INFO]: [@: Set [carn] for OCELL248 to 1]
[22:58:48] [Server thread/INFO]: [@: Set [carn] for OCELL248 to 1]
[22:58:48] [Server thread/INFO]: [@: Set [carn] for OCELL248 to 1]
[22:58:48] [Server thread/INFO]: [@: Set [carn] for OCELL248 to 1]
[22:58:48] [Server thread/INFO]: [@: Set [carn] for OCELL248 to 1]
[22:58:48] [Server thread/INFO]: [@: Set [carn] for OCELL248 to 1]
[22:58:48] [Server thread/INFO]: [@: Set [carn] for OCELL248 to 1]
[22:58:48] [Server thread/INFO]: [@: Set [carn] for OCELL248 to 1]
[22:58:48] [Server thread/INFO]: [@: Set [carn] for OCELL248 to 1]
[22:58:48] [Server thread/INFO]: [@: Set [carn] for OCELL248 to 1]
[22:58:48] [Server thread/INFO]: [@: Set [carn] for OCELL248 to 1]
[22:58:48] [Server thread/INFO]: [@: Set [carn] for OCELL248 to 1]
[22:58:48] [Server thread/INFO]: [@: Set [carn] for OCELL248 to 1]
[22:58:48] [Server thread/INFO]: [@: Set [carn] for OCELL248 to 1]
[22:58:48] [Server thread/INFO]: [@: Set [carn] for OCELL248 to 1]
[22:58:48] [Server thread/INFO]: [@: Set [carn] for OCELL248 to 1]
[22:58:48] [Server thread/INFO]: [@: Set [carn] for OCELL248 to 1]
[22:58:48] [Server thread/INFO]: [@: Set [carn] for OCELL248 to 1]
[22:58:49] [Server thread/INFO]: [@: Set [carn] for OCELL248 to 1]
[22:58:49] [Server thread/INFO]: [@: Set [carn] for OCELL248 to 1]
[22:58:49] [Server thread/INFO]: [@: Set [carn] for OCELL248 to 1]
[22:58:49] [Server thread/INFO]: [@: Set [carn] for OCELL248 to 1]
[22:58:49] [Server thread/INFO]: [@: Set [carn] for OCELL248 to 1]
[22:58:49] [Server thread/INFO]: [@: Set [carn] for OCELL248 to 1]
[22:58:49] [Server thread/INFO]: [@: Set [carn] for OCELL248 to 1]
[22:58:49] [Server thread/INFO]: [@: Set [carn] for OCELL248 to 1]
[22:58:49] [Server thread/INFO]: [@: Set [carn] for OCELL248 to 1]
[22:58:49] [Server thread/INFO]: [@: Set [carn] for OCELL248 to 1]
[22:58:49] [Server thread/INFO]: [@: Set [carn] for OCELL248 to 1]
[22:58:49] [Server thread/INFO]: [@: Set [carn] for OCELL248 to 1]
[22:58:49] [Server thread/INFO]: [@: Set [carn] for OCELL248 to 1]
[22:58:49] [Server thread/INFO]: [@: Set [carn] for OCELL248 to 1]
[22:58:49] [Server thread/INFO]: [@: Set [carn] for OCELL248 to 1]
[22:58:49] [Server thread/INFO]: [@: Set [carn] for OCELL248 to 1]
[22:58:49] [Server thread/INFO]: [@: Set [carn] for OCELL248 to 1]
[22:58:49] [Server thread/INFO]: [@: Set [carn] for OCELL248 to 1]
[22:58:49] [Server thread/INFO]: [@: Set [carn] for OCELL248 to 1]
[22:58:49] [Server thread/INFO]: [@: Set [carn] for OCELL248 to 1]
[22:58:50] [Server thread/INFO]: [@: Set [carn] for OCELL248 to 1]
[22:58:50] [Server thread/INFO]: [@: Set [carn] for OCELL248 to 1]
[22:58:50] [Server thread/INFO]: [@: Set [carn] for OCELL248 to 1]
[22:58:50] [Server thread/INFO]: [@: Set [carn] for OCELL248 to 1]
[22:58:50] [Server thread/INFO]: [@: Set [carn] for OCELL248 to 1]
[22:58:50] [Server thread/INFO]: [@: Set [carn] for OCELL248 to 1]
[22:58:50] [Server thread/INFO]: [@: Set [carn] for OCELL248 to 1]
[22:58:50] [Server thread/INFO]: [@: Set [carn] for OCELL248 to 1]
[22:58:50] [Server thread/INFO]: [@: Set [carn] for OCELL248 to 1]
[22:58:50] [Server thread/INFO]: [@: Set [carn] for OCELL248 to 1]
[22:58:50] [Server thread/INFO]: [@: Set [carn] for OCELL248 to 1]
[22:58:50] [Server thread/INFO]: [@: Set [carn] for OCELL248 to 1]
[22:58:50] [Server thread/INFO]: [@: Set [carn] for OCELL248 to 1]
[22:58:50] [Server thread/INFO]: [@: Set [carn] for OCELL248 to 1]
[22:58:50] [Server thread/INFO]: [@: Set [carn] for OCELL248 to 1]
[22:58:50] [Server thread/INFO]: [@: Set [carn] for OCELL248 to 1]
[22:58:50] [Server thread/INFO]: [@: Set [carn] for OCELL248 to 1]
[22:58:50] [Server thread/INFO]: [@: Set [carn] for OCELL248 to 1]
[22:58:50] [Server thread/INFO]: [@: Set [carn] for OCELL248 to 1]
[22:58:50] [Server thread/INFO]: [@: Set [carn] for OCELL248 to 1]
[22:58:51] [Server thread/INFO]: [@: Set [carn] for OCELL248 to 1]
[22:58:51] [Server thread/INFO]: [@: Set [carn] for OCELL248 to 1]
[22:58:51] [Server thread/INFO]: [@: Set [carn] for OCELL248 to 1]
[22:58:51] [Server thread/INFO]: [@: Set [carn] for OCELL248 to 1]
[22:58:51] [Server thread/INFO]: [@: Set [carn] for OCELL248 to 1]
[22:58:51] [Server thread/INFO]: [@: Set [carn] for OCELL248 to 1]
[22:58:51] [Server thread/INFO]: [@: Set [carn] for OCELL248 to 1]
[22:58:51] [Server thread/INFO]: [@: Set [carn] for OCELL248 to 1]
[22:58:51] [Server thread/INFO]: [@: Set [carn] for OCELL248 to 1]
[22:58:51] [Server thread/INFO]: [@: Set [carn] for OCELL248 to 1]
[22:58:51] [Server thread/INFO]: [@: Set [carn] for OCELL248 to 1]
[22:58:51] [Server thread/INFO]: [@: Set [carn] for OCELL248 to 1]
[22:58:51] [Server thread/INFO]: [@: Set [carn] for OCELL248 to 1]
[22:58:51] [Server thread/INFO]: [@: Set [carn] for OCELL248 to 1]
[22:58:51] [Server thread/INFO]: [@: Set [carn] for OCELL248 to 1]
[22:58:51] [Server thread/INFO]: [@: Set [carn] for OCELL248 to 1]
[22:58:51] [Server thread/INFO]: [@: Set [carn] for OCELL248 to 1]
[22:58:51] [Server thread/INFO]: [@: Set [carn] for OCELL248 to 1]
[22:58:51] [Server thread/INFO]: [@: Set [carn] for OCELL248 to 1]
[22:58:51] [Server thread/INFO]: [@: Set [carn] for OCELL248 to 1]
[22:58:52] [Server thread/INFO]: [@: Set [carn] for OCELL248 to 1]
[22:58:52] [Server thread/INFO]: [@: Set [carn] for OCELL248 to 1]
[22:58:52] [Server thread/INFO]: [@: Set [carn] for OCELL248 to 1]
[22:58:52] [Server thread/INFO]: [@: Set [carn] for OCELL248 to 1]
[22:58:52] [Server thread/INFO]: [@: Set [carn] for OCELL248 to 1]
[22:58:52] [Server thread/INFO]: [@: Set [carn] for OCELL248 to 1]
[22:58:52] [Server thread/INFO]: [@: Set [carn] for OCELL248 to 1]
[22:58:52] [Server thread/INFO]: [@: Set [carn] for OCELL248 to 1]
[22:58:52] [Server thread/INFO]: [@: Set [carn] for OCELL248 to 1]
[22:58:52] [Server thread/INFO]: [@: Set [carn] for OCELL248 to 1]
[22:58:52] [Server thread/INFO]: [@: Set [carn] for OCELL248 to 1]
[22:58:52] [Server thread/INFO]: [@: Set [carn] for OCELL248 to 1]
[22:58:52] [Server thread/INFO]: [@: Set [carn] for OCELL248 to 1]
[22:58:52] [Server thread/INFO]: [@: Set [carn] for OCELL248 to 1]
[22:58:52] [Server thread/INFO]: [@: Set [carn] for OCELL248 to 1]
[22:58:52] [Server thread/INFO]: [@: Set [carn] for OCELL248 to 1]
[22:58:52] [Server thread/INFO]: [@: Set [carn] for OCELL248 to 1]
[22:58:52] [Server thread/INFO]: [@: Set [carn] for OCELL248 to 1]
[22:58:52] [Server thread/INFO]: [@: Set [carn] for OCELL248 to 1]
[22:58:52] [Server thread/INFO]: [@: Set [carn] for OCELL248 to 1]
[22:58:53] [Server thread/INFO]: [@: Set [carn] for OCELL248 to 1]
[22:58:53] [Server thread/INFO]: [@: Set [carn] for OCELL248 to 1]
[22:58:53] [Server thread/INFO]: [@: Set [carn] for OCELL248 to 1]
[22:58:53] [Server thread/INFO]: [@: Set [carn] for OCELL248 to 1]
[22:58:53] [Server thread/INFO]: [@: Set [carn] for OCELL248 to 1]
[22:58:53] [Server thread/INFO]: [@: Set [carn] for OCELL248 to 1]
[22:58:53] [Server thread/INFO]: [@: Set [carn] for OCELL248 to 1]
[22:58:53] [Server thread/INFO]: [@: Set [carn] for OCELL248 to 1]
[22:58:53] [Server thread/INFO]: [@: Set [carn] for OCELL248 to 1]
[22:58:53] [Server thread/INFO]: [@: Set [carn] for OCELL248 to 1]
[22:58:53] [Server thread/INFO]: [@: Set [carn] for OCELL248 to 1]
[22:58:53] [Server thread/INFO]: [@: Set [carn] for OCELL248 to 1]
[22:58:53] [Server thread/INFO]: [@: Set [carn] for OCELL248 to 1]
[22:58:53] [Server thread/INFO]: [@: Set [carn] for OCELL248 to 1]
[22:58:53] [Server thread/INFO]: [@: Set [carn] for OCELL248 to 1]
[22:58:53] [Server thread/INFO]: [@: Set [carn] for OCELL248 to 1]
[22:58:53] [Server thread/INFO]: [@: Set [carn] for OCELL248 to 1]
[22:58:53] [Server thread/INFO]: [@: Set [carn] for OCELL248 to 1]
[22:58:53] [Server thread/INFO]: [@: Set [carn] for OCELL248 to 1]
[22:58:53] [Server thread/INFO]: [@: Set [carn] for OCELL248 to 1]
[22:58:54] [Server thread/INFO]: [@: Set [carn] for OCELL248 to 1]
[22:58:54] [Server thread/INFO]: [@: Set [carn] for OCELL248 to 1]
[22:58:54] [Server thread/INFO]: [@: Set [carn] for OCELL248 to 1]
[22:58:54] [Server thread/INFO]: [@: Set [carn] for OCELL248 to 1]
[22:58:54] [Server thread/INFO]: [@: Set [carn] for OCELL248 to 1]
[22:58:54] [Server thread/INFO]: [@: Set [carn] for OCELL248 to 1]
[22:58:54] [Server thread/INFO]: [@: Set [carn] for OCELL248 to 1]
[22:58:54] [Server thread/INFO]: [@: Set [carn] for OCELL248 to 1]
[22:58:54] [Server thread/INFO]: [@: Set [carn] for OCELL248 to 1]
[22:58:54] [Server thread/INFO]: [@: Set [carn] for OCELL248 to 1]
[22:58:54] [Server thread/INFO]: [@: Set [carn] for OCELL248 to 1]
[22:58:54] [Server thread/INFO]: [@: Set [carn] for OCELL248 to 1]
[22:58:54] [Server thread/INFO]: [@: Set [carn] for OCELL248 to 1]
[22:58:54] [Server thread/INFO]: [@: Set [carn] for OCELL248 to 1]
[22:58:54] [Server thread/INFO]: [@: Set [carn] for OCELL248 to 1]
[22:58:54] [Server thread/INFO]: [@: Set [carn] for OCELL248 to 1]
[22:58:54] [Server thread/INFO]: [@: Set [carn] for OCELL248 to 1]
[22:58:54] [Server thread/INFO]: [@: Set [carn] for OCELL248 to 1]
[22:58:54] [Server thread/INFO]: [@: Set [carn] for OCELL248 to 1]
[22:58:54] [Server thread/INFO]: [@: Set [carn] for OCELL248 to 1]
[22:58:55] [Server thread/INFO]: [@: Set [carn] for OCELL248 to 1]
[22:58:55] [Server thread/INFO]: [@: Set [carn] for OCELL248 to 1]
[22:58:55] [Server thread/INFO]: [@: Set [carn] for OCELL248 to 1]
[22:58:55] [Server thread/INFO]: [@: Set [carn] for OCELL248 to 1]
[22:58:55] [Server thread/INFO]: [@: Set [carn] for OCELL248 to 1]
[22:58:55] [Server thread/INFO]: [@: Set [carn] for OCELL248 to 1]
[22:58:55] [Server thread/INFO]: [@: Set [carn] for OCELL248 to 1]
[22:58:55] [Server thread/INFO]: [@: Set [carn] for OCELL248 to 1]
[22:58:55] [Server thread/INFO]: [@: Set [carn] for OCELL248 to 1]
[22:58:55] [Server thread/INFO]: [@: Set [carn] for OCELL248 to 1]
[22:58:55] [Server thread/INFO]: [@: Set [carn] for OCELL248 to 1]
[22:58:55] [Server thread/INFO]: [@: Set [carn] for OCELL248 to 1]
[22:58:55] [Server thread/INFO]: [@: Set [carn] for OCELL248 to 1]
[22:58:55] [Server thread/INFO]: [@: Set [carn] for OCELL248 to 1]
[22:58:55] [Server thread/INFO]: [@: Set [carn] for OCELL248 to 1]
[22:58:55] [Server thread/INFO]: [@: Set [carn] for OCELL248 to 1]
[22:58:55] [Server thread/INFO]: [@: Set [carn] for OCELL248 to 1]
[22:58:55] [Server thread/INFO]: [@: Set [carn] for OCELL248 to 1]
[22:58:55] [Server thread/INFO]: [@: Set [carn] for OCELL248 to 1]
[22:58:55] [Server thread/INFO]: [@: Set [carn] for OCELL248 to 1]
[22:58:56] [Server thread/INFO]: [@: Set [carn] for OCELL248 to 1]
[22:58:56] [Server thread/INFO]: [@: Set [carn] for OCELL248 to 1]
[22:58:56] [Server thread/INFO]: [@: Set [carn] for OCELL248 to 1]
[22:58:56] [Server thread/INFO]: [@: Set [carn] for OCELL248 to 1]
[22:58:56] [Server thread/INFO]: [@: Set [carn] for OCELL248 to 1]
[22:58:56] [Server thread/INFO]: [@: Set [carn] for OCELL248 to 1]
[22:58:56] [Server thread/INFO]: [@: Set [carn] for OCELL248 to 1]
[22:58:56] [Server thread/INFO]: [@: Set [carn] for OCELL248 to 1]
[22:58:56] [Server thread/INFO]: [@: Set [carn] for OCELL248 to 1]
[22:58:56] [Server thread/INFO]: [@: Set [carn] for OCELL248 to 1]
[22:58:56] [Server thread/INFO]: [@: Set [carn] for OCELL248 to 1]
[22:58:56] [Server thread/INFO]: [@: Set [carn] for OCELL248 to 1]
[22:58:56] [Server thread/INFO]: [@: Set [carn] for OCELL248 to 1]
[22:58:56] [Server thread/INFO]: [@: Set [carn] for OCELL248 to 1]
[22:58:56] [Server thread/INFO]: [@: Set [carn] for OCELL248 to 1]
[22:58:56] [Server thread/INFO]: [@: Set [carn] for OCELL248 to 1]
[22:58:56] [Server thread/INFO]: [@: Set [carn] for OCELL248 to 1]
[22:58:56] [Server thread/INFO]: [@: Set [carn] for OCELL248 to 1]
[22:58:56] [Server thread/INFO]: [@: Set [carn] for OCELL248 to 1]
[22:58:56] [Server thread/INFO]: [@: Set [carn] for OCELL248 to 1]
[22:58:57] [Server thread/INFO]: [@: Set [carn] for OCELL248 to 1]
[22:58:57] [Server thread/INFO]: [@: Set [carn] for OCELL248 to 1]
[22:58:57] [Server thread/INFO]: [@: Set [carn] for OCELL248 to 1]
[22:58:57] [Server thread/INFO]: [@: Set [carn] for OCELL248 to 1]
[22:58:57] [Server thread/INFO]: [@: Set [carn] for OCELL248 to 1]
[22:58:57] [Server thread/INFO]: [@: Set [carn] for OCELL248 to 1]
[22:58:57] [Server thread/INFO]: [@: Set [carn] for OCELL248 to 1]
[22:58:57] [Server thread/INFO]: [@: Set [carn] for OCELL248 to 1]
[22:58:57] [Server thread/INFO]: [@: Set [carn] for OCELL248 to 1]
[22:58:57] [Server thread/INFO]: [@: Set [carn] for OCELL248 to 1]
[22:58:57] [Server thread/INFO]: [@: Set [carn] for OCELL248 to 1]
[22:58:57] [Server thread/INFO]: [@: Set [carn] for OCELL248 to 1]
[22:58:57] [Server thread/INFO]: [@: Set [carn] for OCELL248 to 1]
[22:58:57] [Server thread/INFO]: [@: Set [carn] for OCELL248 to 1]
[22:58:57] [Server thread/INFO]: [@: Set [carn] for OCELL248 to 1]
[22:58:57] [Server thread/INFO]: [@: Set [carn] for OCELL248 to 1]
[22:58:57] [Server thread/INFO]: [@: Set [carn] for OCELL248 to 1]
[22:58:57] [Server thread/INFO]: [@: Set [carn] for OCELL248 to 1]
[22:58:57] [Server thread/INFO]: [@: Set [carn] for OCELL248 to 1]
[22:58:57] [Server thread/INFO]: [@: Set [carn] for OCELL248 to 1]
[22:58:58] [Server thread/INFO]: [@: Set [carn] for OCELL248 to 1]
[22:58:58] [Server thread/INFO]: [@: Set [carn] for OCELL248 to 1]
[22:58:58] [Server thread/INFO]: [@: Set [carn] for OCELL248 to 1]
[22:58:58] [Server thread/INFO]: [@: Set [carn] for OCELL248 to 1]
[22:58:58] [Server thread/INFO]: [@: Set [carn] for OCELL248 to 1]
[22:58:58] [Server thread/INFO]: [@: Set [carn] for OCELL248 to 1]
[22:58:58] [Server thread/INFO]: [@: Set [carn] for OCELL248 to 1]
[22:58:58] [Server thread/INFO]: [@: Set [carn] for OCELL248 to 1]
[22:58:58] [Server thread/INFO]: [@: Set [carn] for OCELL248 to 1]
[22:58:58] [Server thread/INFO]: [@: Set [carn] for OCELL248 to 1]
[22:58:58] [Server thread/INFO]: [@: Set [carn] for OCELL248 to 1]
[22:58:58] [Server thread/INFO]: [@: Set [carn] for OCELL248 to 1]
[22:58:58] [Server thread/INFO]: [@: Set [carn] for OCELL248 to 1]
[22:58:58] [Server thread/INFO]: [@: Set [carn] for OCELL248 to 1]
[22:58:58] [Server thread/INFO]: [@: Set [carn] for OCELL248 to 1]
[22:58:58] [Server thread/INFO]: [@: Set [carn] for OCELL248 to 1]
[22:58:58] [Server thread/INFO]: [@: Set [carn] for OCELL248 to 1]
[22:58:58] [Server thread/INFO]: [@: Set [carn] for OCELL248 to 1]
[22:58:58] [Server thread/INFO]: [@: Set [carn] for OCELL248 to 1]
[22:58:58] [Server thread/INFO]: [@: Set [carn] for OCELL248 to 1]
[22:58:59] [Server thread/INFO]: [@: Set [carn] for OCELL248 to 1]
[22:58:59] [Server thread/INFO]: [@: Set [carn] for OCELL248 to 1]
[22:58:59] [Server thread/INFO]: [@: Set [carn] for OCELL248 to 1]
[22:58:59] [Server thread/INFO]: [@: Set [carn] for OCELL248 to 1]
[22:58:59] [Server thread/INFO]: [@: Set [carn] for OCELL248 to 1]
[22:58:59] [Server thread/INFO]: [@: Set [carn] for OCELL248 to 1]
[22:58:59] [Server thread/INFO]: [@: Set [carn] for OCELL248 to 1]
[22:58:59] [Server thread/INFO]: [@: Set [carn] for OCELL248 to 1]
[22:58:59] [Server thread/INFO]: [@: Set [carn] for OCELL248 to 1]
[22:58:59] [Server thread/INFO]: [@: Set [carn] for OCELL248 to 1]
[22:58:59] [Server thread/INFO]: [@: Set [carn] for OCELL248 to 1]
[22:58:59] [Server thread/INFO]: [@: Set [carn] for OCELL248 to 1]
[22:58:59] [Server thread/INFO]: [@: Set [carn] for OCELL248 to 1]
[22:58:59] [Server thread/INFO]: [@: Set [carn] for OCELL248 to 1]
[22:58:59] [Server thread/INFO]: [@: Set [carn] for OCELL248 to 1]
[22:58:59] [Server thread/INFO]: [@: Set [carn] for OCELL248 to 1]
[22:58:59] [Server thread/INFO]: [@: Set [carn] for OCELL248 to 1]
[22:58:59] [Server thread/INFO]: [@: Set [carn] for OCELL248 to 1]
[22:58:59] [Server thread/INFO]: [@: Set [carn] for OCELL248 to 1]
[22:58:59] [Server thread/INFO]: [@: Set [carn] for OCELL248 to 1]
[22:59:00] [Server thread/INFO]: [@: Set [carn] for OCELL248 to 1]
[22:59:00] [Server thread/INFO]: [@: Set [carn] for OCELL248 to 1]
[22:59:00] [Server thread/INFO]: [@: Set [carn] for OCELL248 to 1]
[22:59:00] [Server thread/INFO]: [@: Set [carn] for OCELL248 to 1]
[22:59:00] [Server thread/INFO]: [@: Set [carn] for OCELL248 to 1]
[22:59:00] [Server thread/INFO]: [@: Set [carn] for OCELL248 to 1]
[22:59:00] [Server thread/INFO]: [@: Set [carn] for OCELL248 to 1]
[22:59:00] [Server thread/INFO]: [@: Set [carn] for OCELL248 to 1]
[22:59:00] [Server thread/INFO]: [@: Set [carn] for OCELL248 to 1]
[22:59:00] [Server thread/INFO]: [@: Set [carn] for OCELL248 to 1]
[22:59:00] [Server thread/INFO]: [@: Set [carn] for OCELL248 to 1]
[22:59:00] [Server thread/INFO]: [@: Set [carn] for OCELL248 to 1]
[22:59:00] [Server thread/INFO]: [@: Set [carn] for OCELL248 to 1]
[22:59:00] [Server thread/INFO]: [@: Set [carn] for OCELL248 to 1]
[22:59:00] [Server thread/INFO]: [@: Set [carn] for OCELL248 to 1]
[22:59:00] [Server thread/INFO]: [@: Set [carn] for OCELL248 to 1]
[22:59:00] [Server thread/INFO]: [@: Set [carn] for OCELL248 to 1]
[22:59:00] [Server thread/INFO]: [@: Set [carn] for OCELL248 to 1]
[22:59:00] [Server thread/INFO]: [@: Set [carn] for OCELL248 to 1]
[22:59:00] [Server thread/INFO]: [@: Set [carn] for OCELL248 to 1]
[22:59:01] [Server thread/INFO]: [@: Set [carn] for OCELL248 to 1]
[22:59:01] [Server thread/INFO]: [@: Set [carn] for OCELL248 to 1]
[22:59:01] [Server thread/INFO]: [@: Set [carn] for OCELL248 to 1]
[22:59:01] [Server thread/INFO]: [@: Set [carn] for OCELL248 to 1]
[22:59:01] [Server thread/INFO]: [@: Set [carn] for OCELL248 to 1]
[22:59:01] [Server thread/INFO]: [@: Set [carn] for OCELL248 to 1]
[22:59:01] [Server thread/INFO]: [@: Set [carn] for OCELL248 to 1]
[22:59:01] [Server thread/INFO]: [@: Set [carn] for OCELL248 to 1]
[22:59:01] [Server thread/INFO]: [@: Set [carn] for OCELL248 to 1]
[22:59:01] [Server thread/INFO]: [@: Set [carn] for OCELL248 to 1]
[22:59:01] [Server thread/INFO]: [@: Set [carn] for OCELL248 to 1]
[22:59:01] [Server thread/INFO]: [@: Set [carn] for OCELL248 to 1]
[22:59:01] [Server thread/INFO]: [@: Set [carn] for OCELL248 to 1]
[22:59:01] [Server thread/INFO]: [@: Set [carn] for OCELL248 to 1]
[22:59:01] [Server thread/INFO]: [@: Set [carn] for OCELL248 to 1]
[22:59:01] [Server thread/INFO]: [@: Set [carn] for OCELL248 to 1]
[22:59:01] [Server thread/INFO]: [@: Set [carn] for OCELL248 to 1]
[22:59:01] [Server thread/INFO]: [@: Set [carn] for OCELL248 to 1]
[22:59:01] [Server thread/INFO]: [@: Set [carn] for OCELL248 to 1]
[22:59:01] [Server thread/INFO]: [@: Set [carn] for OCELL248 to 1]
[22:59:02] [Server thread/INFO]: [@: Set [carn] for OCELL248 to 1]
[22:59:02] [Server thread/INFO]: [@: Set [carn] for OCELL248 to 1]
[22:59:02] [Server thread/INFO]: [@: Set [carn] for OCELL248 to 1]
[22:59:02] [Server thread/INFO]: [@: Set [carn] for OCELL248 to 1]
[22:59:02] [Server thread/INFO]: [@: Set [carn] for OCELL248 to 1]
[22:59:02] [Server thread/INFO]: [@: Set [carn] for OCELL248 to 1]
[22:59:02] [Server thread/INFO]: [@: Set [carn] for OCELL248 to 1]
[22:59:02] [Server thread/INFO]: [@: Set [carn] for OCELL248 to 1]
[22:59:02] [Server thread/INFO]: [@: Set [carn] for OCELL248 to 1]
[22:59:02] [Server thread/INFO]: [@: Set [carn] for OCELL248 to 1]
[22:59:02] [Server thread/INFO]: [@: Set [carn] for OCELL248 to 1]
[22:59:02] [Server thread/INFO]: [@: Set [carn] for OCELL248 to 1]
[22:59:02] [Server thread/INFO]: [@: Set [carn] for OCELL248 to 1]
[22:59:02] [Server thread/INFO]: [@: Set [carn] for OCELL248 to 1]
[22:59:02] [Server thread/INFO]: [@: Set [carn] for OCELL248 to 1]
[22:59:02] [Server thread/INFO]: [@: Set [carn] for OCELL248 to 1]
[22:59:02] [Server thread/INFO]: [@: Set [carn] for OCELL248 to 1]
[22:59:02] [Server thread/INFO]: [@: Set [carn] for OCELL248 to 1]
[22:59:02] [Server thread/INFO]: [@: Set [carn] for OCELL248 to 1]
[22:59:02] [Server thread/INFO]: [@: Set [carn] for OCELL248 to 1]
[22:59:03] [Server thread/INFO]: [@: Set [carn] for OCELL248 to 1]
[22:59:03] [Server thread/INFO]: [@: Set [carn] for OCELL248 to 1]
[22:59:03] [Server thread/INFO]: [@: Set [carn] for OCELL248 to 1]
[22:59:03] [Server thread/INFO]: [@: Set [carn] for OCELL248 to 1]
[22:59:03] [Server thread/INFO]: [@: Set [carn] for OCELL248 to 1]
[22:59:03] [Server thread/INFO]: [@: Set [carn] for OCELL248 to 1]
[22:59:03] [Server thread/INFO]: [@: Set [carn] for OCELL248 to 1]
[22:59:03] [Server thread/INFO]: [@: Set [carn] for OCELL248 to 1]
[22:59:03] [Server thread/INFO]: [@: Set [carn] for OCELL248 to 1]
[22:59:03] [Server thread/INFO]: [@: Set [carn] for OCELL248 to 1]
[22:59:03] [Server thread/INFO]: [@: Set [carn] for OCELL248 to 1]
[22:59:03] [Server thread/INFO]: [@: Set [carn] for OCELL248 to 1]
[22:59:03] [Server thread/INFO]: [@: Set [carn] for OCELL248 to 1]
[22:59:03] [Server thread/INFO]: [@: Set [carn] for OCELL248 to 1]
[22:59:03] [Server thread/INFO]: [@: Set [carn] for OCELL248 to 1]
[23:01:09] [Server thread/INFO]: OCELL248 issued server command: /give OCELL248 minecraft:chain_command_block
[23:01:09] [Server thread/INFO]: [OCELL248: Gave 1 [Chain Command Block] to OCELL248]
[23:10:31] [Server thread/INFO]: OCELL248 issued server command: /execute if entity @s in minecraft:the_end store result storage
[23:13:05] [Server thread/INFO]: [@: Teleported OCELL248 to 255.500000, 67.000000, -1041.500000]
[23:13:52] [Server thread/INFO]: [Not Secure] [@] Si aconsegueixes derrotar el monstre de les IA's, significarà que hauràs guanyat. Bona sort Guerrer.
[23:14:18] [Server thread/INFO]: [@: Summoned new Zombie Villager]
[23:14:18] [Server thread/INFO]: [@: Added tag 'trigger' to 3 entities]
[23:14:34] [Server thread/INFO]: [Not Secure] [@] Si aconsegueixes derrotar el monstre de les IA's, significarà que hauràs guanyat. Bona sort Guerrer.
[23:15:17] [Server thread/INFO]: [Not Secure] [@] Si aconsegueixes derrotar el monstre de les IA's, significarà que hauràs guanyat. Bona sort Guerrer.
[23:15:18] [Server thread/INFO]: [@: Summoned new Zombie Villager]
[23:15:18] [Server thread/INFO]: [@: Added tag 'trigger' to 4 entities]
[23:15:26] [Server thread/INFO]: [@: Teleported OCELL248 to 255.500000, 67.000000, -1041.500000]
[23:15:27] [Server thread/INFO]: [Not Secure] [@] Si aconsegueixes derrotar el monstre de les IA's, significarà que hauràs guanyat. Bona sort Guerrer.
[23:15:28] [Server thread/INFO]: [@: Summoned new Zombie Villager]
[23:15:28] [Server thread/INFO]: [@: Added tag 'trigger' to 5 entities]
[23:15:32] [Server thread/INFO]: OCELL248 issued server command: /kill 153c4824-8722-49e1-93a0-71328fb33596
[23:15:32] [Server thread/INFO]: [OCELL248: Killed Zombie Villager]
[23:15:36] [Server thread/INFO]: OCELL248 issued server command: /kill fd7f043b-45e2-4c68-ae2f-7a7a1b571532
[23:15:36] [Server thread/INFO]: [OCELL248: Killed Zombie Villager]
[23:15:39] [Server thread/INFO]: OCELL248 issued server command: /kill f580144e-c2db-47a9-ad85-5400c68426b9
[23:15:39] [Server thread/INFO]: [OCELL248: Killed Zombie Villager]
[23:15:52] [Server thread/INFO]: OCELL248 issued server command: /clear
[23:15:52] [Server thread/INFO]: [OCELL248: Removed 19 item(s) from player OCELL248]
[23:15:56] [Server thread/INFO]: OCELL248 issued server command: /kill OCELL248
[23:15:56] [Server thread/INFO]: OCELL248 was killed
[23:15:56] [Server thread/INFO]: [OCELL248: Killed OCELL248]
[23:16:17] [Server thread/INFO]: OCELL248 issued server command: /gamemode adventure
[23:16:17] [Server thread/INFO]: [OCELL248: Set own game mode to Adventure Mode]
[23:16:26] [Server thread/INFO]: OCELL248 issued server command: /gamemode creative
[23:16:26] [Server thread/INFO]: [OCELL248: Set own game mode to Creative Mode]
[23:16:43] [Server thread/INFO]: OCELL248 issued server command: /clear
[23:16:43] [Server thread/INFO]: [OCELL248: Removed 4 item(s) from player OCELL248]
[23:16:47] [Server thread/INFO]: OCELL248 issued server command: /gamemode adventure
[23:16:47] [Server thread/INFO]: [OCELL248: Set own game mode to Adventure Mode]
[23:16:48] [Server thread/INFO]: [Not Secure] [@] Porta de tanca + humà = 1 bloc h
[23:16:57] [Server thread/INFO]: [@: Applied effect Conduit Power to OCELL248]
[23:17:16] [Server thread/INFO]: [@: Applied effect Conduit Power to OCELL248]
[23:17:33] [Server thread/INFO]: OCELL248 issued server command: /gamemode creative
[23:17:33] [Server thread/INFO]: [OCELL248: Set own game mode to Creative Mode]
[23:17:45] [Server thread/INFO]: OCELL248 issued server command: /gamemode adventure
[23:17:45] [Server thread/INFO]: [OCELL248: Set own game mode to Adventure Mode]
[23:17:54] [Server thread/INFO]: OCELL248 issued server command: /gamemode creative
[23:17:54] [Server thread/INFO]: [OCELL248: Set own game mode to Creative Mode]
[23:17:56] [Server thread/INFO]: OCELL248 issued server command: /gamemode adventure
[23:17:56] [Server thread/INFO]: [OCELL248: Set own game mode to Adventure Mode]
[23:18:04] [Server thread/INFO]: OCELL248 issued server command: /gamemode creative
[23:18:04] [Server thread/INFO]: [OCELL248: Set own game mode to Creative Mode]
[23:18:06] [Server thread/INFO]: OCELL248 issued server command: /gamemode adventure
[23:18:06] [Server thread/INFO]: [OCELL248: Set own game mode to Adventure Mode]
[23:18:10] [Server thread/INFO]: OCELL248 issued server command: /gamemode creative
[23:18:10] [Server thread/INFO]: [OCELL248: Set own game mode to Creative Mode]
[23:18:16] [Server thread/INFO]: OCELL248 issued server command: /gamemode adventure
[23:18:16] [Server thread/INFO]: [OCELL248: Set own game mode to Adventure Mode]
[23:18:30] [Server thread/INFO]: OCELL248 fell out of the world
[23:18:36] [Server thread/INFO]: OCELL248 issued server command: /gamemode creative
[23:18:36] [Server thread/INFO]: [OCELL248: Set own game mode to Creative Mode]
[23:18:38] [Server thread/INFO]: OCELL248 issued server command: /gamemode adventure
[23:18:38] [Server thread/INFO]: [OCELL248: Set own game mode to Adventure Mode]
[23:18:53] [Server thread/INFO]: OCELL248 issued server command: /gamemode creative
[23:18:53] [Server thread/INFO]: [OCELL248: Set own game mode to Creative Mode]
[23:19:09] [Server thread/INFO]: [@: Teleported OCELL248 to 255.500000, 67.000000, -1041.500000]
[23:19:10] [Server thread/INFO]: [Not Secure] [@] Si aconsegueixes derrotar el monstre de les IA's, significarà que hauràs guanyat. Bona sort Guerrer.
[23:19:11] [Server thread/INFO]: [@: Summoned new Zombie Villager]
[23:19:11] [Server thread/INFO]: [@: Added tag 'trigger' to 6 entities]
[23:19:15] [Server thread/INFO]: OCELL248 issued server command: /gamemode adventure
[23:19:15] [Server thread/INFO]: [OCELL248: Set own game mode to Adventure Mode]
[23:20:02] [Server thread/INFO]: OCELL248 issued server command: /clear
[23:20:02] [Server thread/INFO]: [OCELL248: Removed 77 item(s) from player OCELL248]
[23:20:04] [Server thread/INFO]: OCELL248 issued server command: /gamemode creative
[23:20:04] [Server thread/INFO]: [OCELL248: Set own game mode to Creative Mode]
[23:20:29] [Server thread/INFO]: OCELL248 issued server command: /clear
[23:20:29] [Server thread/INFO]: [OCELL248: Removed 25 item(s) from player OCELL248]
[23:21:40] [Server thread/INFO]: OCELL248 has made the advancement [Cover Me with Diamonds]
[23:22:19] [Server thread/INFO]: OCELL248 issued server command: /gamemode adventure
[23:22:19] [Server thread/INFO]: [OCELL248: Set own game mode to Adventure Mode]
[23:22:21] [Server thread/INFO]: OCELL248 issued server command: /gamemode survival
[23:22:21] [Server thread/INFO]: [OCELL248: Set own game mode to Survival Mode]
[23:22:24] [Server thread/INFO]: OCELL248 issued server command: /gamemode creative
[23:22:24] [Server thread/INFO]: [OCELL248: Set own game mode to Creative Mode]
[23:23:43] [Server thread/INFO]: OCELL248 lost connection: Disconnected
[23:23:43] [Server thread/INFO]: OCELL248 left the game
[23:23:49] [Server thread/INFO]: Saving the game (this may take a moment!)
[23:23:49] [Server thread/INFO]: Saved the game
